{
  "RSpec": {
    "coverage": {
      "/home/eduardo/trabalhoEstoque/gestao/app/helpers/application_helper.rb": [
        1,
        null
      ],
      "/home/eduardo/trabalhoEstoque/gestao/app/helpers/cidades_helper.rb": [
        1,
        null
      ],
      "/home/eduardo/trabalhoEstoque/gestao/app/helpers/enderecos_helper.rb": [
        1,
        null
      ],
      "/home/eduardo/trabalhoEstoque/gestao/app/helpers/estados_helper.rb": [
        1,
        null
      ],
      "/home/eduardo/trabalhoEstoque/gestao/app/helpers/gprods_helper.rb": [
        1,
        null
      ],
      "/home/eduardo/trabalhoEstoque/gestao/app/helpers/movimentos_helper.rb": [
        1,
        null
      ],
      "/home/eduardo/trabalhoEstoque/gestao/app/helpers/operacaos_helper.rb": [
        1,
        null
      ],
      "/home/eduardo/trabalhoEstoque/gestao/app/helpers/pessoas_helper.rb": [
        1,
        null
      ],
      "/home/eduardo/trabalhoEstoque/gestao/app/helpers/produtos_helper.rb": [
        1,
        null
      ],
      "/home/eduardo/trabalhoEstoque/gestao/app/helpers/unidades_helper.rb": [
        1,
        null
      ],
      "/home/eduardo/trabalhoEstoque/gestao/app/models/cidade.rb": [
        1,
        1,
        null
      ],
      "/home/eduardo/trabalhoEstoque/gestao/app/models/application_record.rb": [
        1,
        1,
        null
      ],
      "/home/eduardo/trabalhoEstoque/gestao/app/models/endereco.rb": [
        1,
        1,
        1,
        null
      ],
      "/home/eduardo/trabalhoEstoque/gestao/app/models/gprod.rb": [
        1,
        null,
        1,
        null
      ],
      "/home/eduardo/trabalhoEstoque/gestao/app/models/movimento.rb": [
        1,
        1,
        1,
        1,
        null,
        1,
        1,
        1,
        null,
        1,
        13,
        null,
        null,
        null
      ],
      "/home/eduardo/trabalhoEstoque/gestao/app/models/operacao.rb": [
        1,
        null,
        1,
        1,
        1,
        null
      ],
      "/home/eduardo/trabalhoEstoque/gestao/app/models/pessoa.rb": [
        1,
        1,
        null,
        1,
        1,
        null,
        null
      ],
      "/home/eduardo/trabalhoEstoque/gestao/app/models/produto.rb": [
        1,
        1,
        1,
        null,
        1,
        1,
        null,
        null
      ],
      "/home/eduardo/trabalhoEstoque/gestao/app/models/unidade.rb": [
        1,
        null,
        1,
        1,
        null,
        null
      ],
      "/home/eduardo/trabalhoEstoque/gestao/app/services/movimento_service.rb": [
        1,
        null,
        1,
        1,
        2,
        null,
        null,
        1,
        2,
        null,
        null,
        1,
        2,
        null,
        null,
        1,
        3,
        null,
        null,
        1,
        9,
        9,
        9,
        9,
        9,
        null,
        null,
        1,
        2,
        null,
        null,
        1,
        2,
        null,
        null,
        null,
        null,
        2,
        null,
        null,
        null,
        1,
        2,
        null,
        2,
        null,
        null,
        1,
        3,
        null,
        3,
        null,
        null,
        null,
        1,
        2,
        null,
        null,
        null,
        null,
        null,
        null,
        1,
        7,
        0,
        null,
        7,
        null,
        null,
        null
      ],
      "/home/eduardo/trabalhoEstoque/gestao/app/models/estado.rb": [
        1,
        null
      ],
      "/home/eduardo/trabalhoEstoque/gestao/app/mailers/application_mailer.rb": [
        0,
        0,
        0,
        0
      ],
      "/home/eduardo/trabalhoEstoque/gestao/app/jobs/application_job.rb": [
        0,
        0
      ],
      "/home/eduardo/trabalhoEstoque/gestao/app/channels/application_cable/channel.rb": [
        0,
        0,
        0,
        0
      ],
      "/home/eduardo/trabalhoEstoque/gestao/app/channels/application_cable/connection.rb": [
        0,
        0,
        0,
        0
      ],
      "/home/eduardo/trabalhoEstoque/gestao/app/controllers/movimentos_controller.rb": [
        0,
        0,
        null,
        null,
        null,
        0,
        0,
        0,
        null,
        null,
        null,
        0,
        0,
        null,
        null,
        0,
        0,
        0,
        null,
        null,
        0,
        0,
        null,
        null,
        null,
        0,
        0,
        null,
        0,
        0,
        0,
        0,
        0,
        0,
        0,
        0,
        0,
        0,
        null,
        null,
        null,
        0,
        0,
        0,
        0,
        0,
        0,
        0,
        0,
        0,
        0,
        0,
        null,
        null,
        null,
        0,
        0,
        0,
        0,
        0,
        0,
        0,
        null,
        0,
        null,
        0,
        0,
        0,
        null,
        null,
        0,
        0,
        0,
        0
      ],
      "/home/eduardo/trabalhoEstoque/gestao/app/controllers/produtos_controller.rb": [
        0,
        0,
        null,
        null,
        null,
        0,
        0,
        0,
        null,
        null,
        null,
        0,
        0,
        null,
        null,
        0,
        0,
        0,
        null,
        null,
        0,
        0,
        null,
        null,
        null,
        0,
        0,
        null,
        0,
        0,
        0,
        0,
        0,
        0,
        0,
        0,
        0,
        0,
        null,
        null,
        null,
        0,
        0,
        0,
        0,
        0,
        0,
        0,
        0,
        0,
        0,
        0,
        null,
        null,
        null,
        0,
        0,
        0,
        0,
        0,
        0,
        0,
        null,
        0,
        null,
        0,
        0,
        0,
        null,
        null,
        0,
        0,
        0,
        0
      ],
      "/home/eduardo/trabalhoEstoque/gestao/app/controllers/cidades_controller.rb": [
        0,
        0,
        null,
        null,
        null,
        0,
        0,
        0,
        null,
        null,
        null,
        0,
        0,
        null,
        null,
        0,
        0,
        0,
        null,
        null,
        0,
        0,
        null,
        null,
        null,
        0,
        0,
        null,
        0,
        0,
        0,
        0,
        0,
        0,
        0,
        0,
        0,
        0,
        null,
        null,
        null,
        0,
        0,
        0,
        0,
        0,
        0,
        0,
        0,
        0,
        0,
        0,
        null,
        null,
        null,
        0,
        0,
        0,
        0,
        0,
        0,
        0,
        null,
        0,
        null,
        0,
        0,
        0,
        null,
        null,
        0,
        0,
        0,
        0
      ],
      "/home/eduardo/trabalhoEstoque/gestao/app/controllers/enderecos_controller.rb": [
        0,
        0,
        null,
        null,
        null,
        0,
        0,
        0,
        null,
        null,
        null,
        0,
        0,
        null,
        null,
        0,
        0,
        0,
        null,
        null,
        0,
        0,
        null,
        null,
        null,
        0,
        0,
        null,
        0,
        0,
        0,
        0,
        0,
        0,
        0,
        0,
        0,
        0,
        null,
        null,
        null,
        0,
        0,
        0,
        0,
        0,
        0,
        0,
        0,
        0,
        0,
        0,
        null,
        null,
        null,
        0,
        0,
        0,
        0,
        0,
        0,
        0,
        null,
        0,
        null,
        0,
        0,
        0,
        null,
        null,
        0,
        0,
        0,
        0
      ],
      "/home/eduardo/trabalhoEstoque/gestao/app/controllers/pessoas_controller.rb": [
        0,
        0,
        null,
        null,
        null,
        0,
        0,
        0,
        null,
        null,
        null,
        0,
        0,
        null,
        null,
        0,
        0,
        0,
        null,
        null,
        0,
        0,
        null,
        null,
        null,
        0,
        0,
        null,
        0,
        0,
        0,
        0,
        0,
        0,
        0,
        0,
        0,
        0,
        null,
        null,
        null,
        0,
        0,
        0,
        0,
        0,
        0,
        0,
        0,
        0,
        0,
        0,
        null,
        null,
        null,
        0,
        0,
        0,
        0,
        0,
        0,
        0,
        null,
        0,
        null,
        0,
        0,
        0,
        null,
        null,
        0,
        0,
        0,
        0
      ],
      "/home/eduardo/trabalhoEstoque/gestao/app/controllers/gprods_controller.rb": [
        0,
        0,
        null,
        null,
        null,
        0,
        0,
        0,
        null,
        null,
        null,
        0,
        0,
        null,
        null,
        0,
        0,
        0,
        null,
        null,
        0,
        0,
        null,
        null,
        null,
        0,
        0,
        null,
        0,
        0,
        0,
        0,
        0,
        0,
        0,
        0,
        0,
        0,
        null,
        null,
        null,
        0,
        0,
        0,
        0,
        0,
        0,
        0,
        0,
        0,
        0,
        0,
        null,
        null,
        null,
        0,
        0,
        0,
        0,
        0,
        0,
        0,
        null,
        0,
        null,
        0,
        0,
        0,
        null,
        null,
        0,
        0,
        0,
        0
      ],
      "/home/eduardo/trabalhoEstoque/gestao/app/controllers/unidades_controller.rb": [
        0,
        0,
        null,
        null,
        null,
        0,
        0,
        0,
        null,
        null,
        null,
        0,
        0,
        null,
        null,
        0,
        0,
        0,
        null,
        null,
        0,
        0,
        null,
        null,
        null,
        0,
        0,
        null,
        0,
        0,
        0,
        0,
        0,
        0,
        0,
        0,
        0,
        0,
        null,
        null,
        null,
        0,
        0,
        0,
        0,
        0,
        0,
        0,
        0,
        0,
        0,
        0,
        null,
        null,
        null,
        0,
        0,
        0,
        0,
        0,
        0,
        0,
        null,
        0,
        null,
        0,
        0,
        0,
        null,
        null,
        0,
        0,
        0,
        0
      ],
      "/home/eduardo/trabalhoEstoque/gestao/app/controllers/operacaos_controller.rb": [
        0,
        0,
        null,
        null,
        null,
        0,
        0,
        0,
        null,
        null,
        null,
        0,
        0,
        null,
        null,
        0,
        0,
        0,
        null,
        null,
        0,
        0,
        null,
        null,
        null,
        0,
        0,
        null,
        0,
        0,
        0,
        0,
        0,
        0,
        0,
        0,
        0,
        0,
        null,
        null,
        null,
        0,
        0,
        0,
        0,
        0,
        0,
        0,
        0,
        0,
        0,
        0,
        null,
        null,
        null,
        0,
        0,
        0,
        0,
        0,
        0,
        0,
        null,
        0,
        null,
        0,
        0,
        0,
        null,
        null,
        0,
        0,
        0,
        0
      ],
      "/home/eduardo/trabalhoEstoque/gestao/app/controllers/application_controller.rb": [
        0,
        0
      ],
      "/home/eduardo/trabalhoEstoque/gestao/app/controllers/estados_controller.rb": [
        0,
        0,
        null,
        null,
        null,
        0,
        0,
        0,
        null,
        null,
        null,
        0,
        0,
        null,
        null,
        0,
        0,
        0,
        null,
        null,
        0,
        0,
        null,
        null,
        null,
        0,
        0,
        null,
        0,
        0,
        0,
        0,
        0,
        0,
        0,
        0,
        0,
        0,
        null,
        null,
        null,
        0,
        0,
        0,
        0,
        0,
        0,
        0,
        0,
        0,
        0,
        0,
        null,
        null,
        null,
        0,
        0,
        0,
        0,
        0,
        0,
        0,
        null,
        0,
        null,
        0,
        0,
        0,
        null,
        null,
        0,
        0,
        0,
        0
      ]
    },
    "timestamp": 1575247301
  }
}
